*** Starting uWSGI 2.0.15 (32bit) on [Wed Feb  7 08:29:47 2018] ***
compiled with version: 5.4.0 20160609 on 07 February 2018 08:14:46
os: Linux-4.4.0-85-generic #108-Ubuntu SMP Mon Jul 3 17:24:35 UTC 2017
nodename: BingoM
machine: i686
clock source: unix
detected number of CPU cores: 1
current working directory: /home/web_MTGD/MTGD_syn_01
writing pidfile to uwsgi.pid
detected binary path: /usr/local/bin/uwsgi
!!! no internal routing support, rebuild with pcre support !!!
uWSGI running as root, you can use --uid/--gid/--chroot options
*** WARNING: you are running uWSGI as root !!! (use the --uid flag) *** 
chdir() to /home/web_MTGD/MTGD_syn_01/
your processes number limit is 15850
your memory page size is 4096 bytes
detected max file descriptor number: 65535
lock engine: pthread robust mutexes
thunder lock: disabled (you can enable it with --thunder-lock)
bind(): Cannot assign requested address [core/socket.c line 769]
*** Starting uWSGI 2.0.15 (32bit) on [Wed Feb  7 08:32:20 2018] ***
compiled with version: 5.4.0 20160609 on 07 February 2018 08:14:46
os: Linux-4.4.0-85-generic #108-Ubuntu SMP Mon Jul 3 17:24:35 UTC 2017
nodename: BingoM
machine: i686
clock source: unix
detected number of CPU cores: 1
current working directory: /home/web_MTGD/MTGD_syn_01
writing pidfile to uwsgi.pid
detected binary path: /usr/local/bin/uwsgi
!!! no internal routing support, rebuild with pcre support !!!
uWSGI running as root, you can use --uid/--gid/--chroot options
*** WARNING: you are running uWSGI as root !!! (use the --uid flag) *** 
chdir() to /home/web_MTGD/MTGD_syn_01/
your processes number limit is 15850
your memory page size is 4096 bytes
detected max file descriptor number: 65535
lock engine: pthread robust mutexes
thunder lock: disabled (you can enable it with --thunder-lock)
bind(): Cannot assign requested address [core/socket.c line 769]
*** Starting uWSGI 2.0.15 (32bit) on [Wed Feb  7 08:36:23 2018] ***
compiled with version: 5.4.0 20160609 on 07 February 2018 08:14:46
os: Linux-4.4.0-85-generic #108-Ubuntu SMP Mon Jul 3 17:24:35 UTC 2017
nodename: BingoM
machine: i686
clock source: unix
detected number of CPU cores: 1
current working directory: /home/web_MTGD/MTGD_syn_01
writing pidfile to uwsgi.pid
detected binary path: /usr/local/bin/uwsgi
!!! no internal routing support, rebuild with pcre support !!!
uWSGI running as root, you can use --uid/--gid/--chroot options
*** WARNING: you are running uWSGI as root !!! (use the --uid flag) *** 
chdir() to /home/web_MTGD/MTGD_syn_01/
your processes number limit is 15850
your memory page size is 4096 bytes
detected max file descriptor number: 65535
lock engine: pthread robust mutexes
thunder lock: disabled (you can enable it with --thunder-lock)
bind(): Cannot assign requested address [core/socket.c line 769]
*** Starting uWSGI 2.0.15 (32bit) on [Wed Feb  7 08:40:24 2018] ***
compiled with version: 5.4.0 20160609 on 07 February 2018 08:14:46
os: Linux-4.4.0-85-generic #108-Ubuntu SMP Mon Jul 3 17:24:35 UTC 2017
nodename: BingoM
machine: i686
clock source: unix
detected number of CPU cores: 1
current working directory: /home/web_MTGD/MTGD_syn_01
writing pidfile to uwsgi.pid
detected binary path: /usr/local/bin/uwsgi
!!! no internal routing support, rebuild with pcre support !!!
uWSGI running as root, you can use --uid/--gid/--chroot options
*** WARNING: you are running uWSGI as root !!! (use the --uid flag) *** 
chdir() to /home/web_MTGD/MTGD_syn_01/
your processes number limit is 15850
your memory page size is 4096 bytes
detected max file descriptor number: 65535
lock engine: pthread robust mutexes
thunder lock: disabled (you can enable it with --thunder-lock)
bind(): Cannot assign requested address [core/socket.c line 769]
*** Starting uWSGI 2.0.15 (32bit) on [Wed Feb  7 10:23:38 2018] ***
compiled with version: 5.4.0 20160609 on 07 February 2018 08:14:46
os: Linux-4.4.0-85-generic #108-Ubuntu SMP Mon Jul 3 17:24:35 UTC 2017
nodename: BingoM
machine: i686
clock source: unix
detected number of CPU cores: 1
current working directory: /home/web_MTGD/MTGD_syn_01
writing pidfile to uwsgi.pid
detected binary path: /usr/local/bin/uwsgi
!!! no internal routing support, rebuild with pcre support !!!
uWSGI running as root, you can use --uid/--gid/--chroot options
*** WARNING: you are running uWSGI as root !!! (use the --uid flag) *** 
chdir() to /home/web_MTGD/MTGD_syn_01/
your processes number limit is 15850
your memory page size is 4096 bytes
detected max file descriptor number: 65535
lock engine: pthread robust mutexes
thunder lock: disabled (you can enable it with --thunder-lock)
bind(): Cannot assign requested address [core/socket.c line 769]
*** Starting uWSGI 2.0.15 (32bit) on [Wed Feb  7 10:24:01 2018] ***
compiled with version: 5.4.0 20160609 on 07 February 2018 08:14:46
os: Linux-4.4.0-85-generic #108-Ubuntu SMP Mon Jul 3 17:24:35 UTC 2017
nodename: BingoM
machine: i686
clock source: unix
detected number of CPU cores: 1
current working directory: /home/web_MTGD/MTGD_syn_01
writing pidfile to uwsgi.pid
detected binary path: /usr/local/bin/uwsgi
!!! no internal routing support, rebuild with pcre support !!!
uWSGI running as root, you can use --uid/--gid/--chroot options
*** WARNING: you are running uWSGI as root !!! (use the --uid flag) *** 
chdir() to /home/web_MTGD/MTGD_syn_01/
your processes number limit is 15850
your memory page size is 4096 bytes
detected max file descriptor number: 65535
lock engine: pthread robust mutexes
thunder lock: disabled (you can enable it with --thunder-lock)
bind(): Cannot assign requested address [core/socket.c line 769]
*** Starting uWSGI 2.0.15 (32bit) on [Wed Feb  7 10:29:33 2018] ***
compiled with version: 5.4.0 20160609 on 07 February 2018 08:14:46
os: Linux-4.4.0-85-generic #108-Ubuntu SMP Mon Jul 3 17:24:35 UTC 2017
nodename: BingoM
machine: i686
clock source: unix
detected number of CPU cores: 1
current working directory: /home/web_MTGD/MTGD_syn_01
writing pidfile to uwsgi.pid
detected binary path: /usr/local/bin/uwsgi
!!! no internal routing support, rebuild with pcre support !!!
uWSGI running as root, you can use --uid/--gid/--chroot options
*** WARNING: you are running uWSGI as root !!! (use the --uid flag) *** 
chdir() to /home/web_MTGD/MTGD_syn_01/
your processes number limit is 15850
your memory page size is 4096 bytes
detected max file descriptor number: 65535
lock engine: pthread robust mutexes
thunder lock: disabled (you can enable it with --thunder-lock)
bind(): Cannot assign requested address [core/socket.c line 769]
*** Starting uWSGI 2.0.15 (32bit) on [Wed Feb  7 10:30:24 2018] ***
compiled with version: 5.4.0 20160609 on 07 February 2018 10:28:12
os: Linux-4.4.0-85-generic #108-Ubuntu SMP Mon Jul 3 17:24:35 UTC 2017
nodename: BingoM
machine: i686
clock source: unix
detected number of CPU cores: 1
current working directory: /home/web_MTGD/MTGD_syn_01
writing pidfile to uwsgi.pid
detected binary path: /tmp/uwsgi
!!! no internal routing support, rebuild with pcre support !!!
uWSGI running as root, you can use --uid/--gid/--chroot options
*** WARNING: you are running uWSGI as root !!! (use the --uid flag) *** 
chdir() to /home/web_MTGD/MTGD_syn_01/
your processes number limit is 15850
your memory page size is 4096 bytes
detected max file descriptor number: 65535
lock engine: pthread robust mutexes
thunder lock: disabled (you can enable it with --thunder-lock)
bind(): Cannot assign requested address [core/socket.c line 769]
*** Starting uWSGI 2.0.15 (32bit) on [Wed Feb  7 10:41:24 2018] ***
compiled with version: 5.4.0 20160609 on 07 February 2018 08:14:46
os: Linux-4.4.0-85-generic #108-Ubuntu SMP Mon Jul 3 17:24:35 UTC 2017
nodename: BingoM
machine: i686
clock source: unix
detected number of CPU cores: 1
current working directory: /home/web_MTGD/MTGD_syn_01
writing pidfile to uwsgi.pid
detected binary path: /usr/local/bin/uwsgi
!!! no internal routing support, rebuild with pcre support !!!
uWSGI running as root, you can use --uid/--gid/--chroot options
*** WARNING: you are running uWSGI as root !!! (use the --uid flag) *** 
chdir() to /home/web_MTGD/MTGD_syn_01/
your processes number limit is 15850
your memory page size is 4096 bytes
detected max file descriptor number: 65535
lock engine: pthread robust mutexes
thunder lock: disabled (you can enable it with --thunder-lock)
bind(): Cannot assign requested address [core/socket.c line 769]
*** Starting uWSGI 2.0.15 (32bit) on [Wed Feb  7 10:41:28 2018] ***
compiled with version: 5.4.0 20160609 on 07 February 2018 08:14:46
os: Linux-4.4.0-85-generic #108-Ubuntu SMP Mon Jul 3 17:24:35 UTC 2017
nodename: BingoM
machine: i686
clock source: unix
detected number of CPU cores: 1
current working directory: /home/web_MTGD/MTGD_syn_01
writing pidfile to uwsgi.pid
detected binary path: /usr/local/bin/uwsgi
!!! no internal routing support, rebuild with pcre support !!!
uWSGI running as root, you can use --uid/--gid/--chroot options
*** WARNING: you are running uWSGI as root !!! (use the --uid flag) *** 
chdir() to /home/web_MTGD/MTGD_syn_01/
your processes number limit is 15850
your memory page size is 4096 bytes
detected max file descriptor number: 65535
lock engine: pthread robust mutexes
thunder lock: disabled (you can enable it with --thunder-lock)
bind(): Cannot assign requested address [core/socket.c line 769]
*** Starting uWSGI 2.0.15 (32bit) on [Wed Feb  7 10:41:31 2018] ***
compiled with version: 5.4.0 20160609 on 07 February 2018 08:14:46
os: Linux-4.4.0-85-generic #108-Ubuntu SMP Mon Jul 3 17:24:35 UTC 2017
nodename: BingoM
machine: i686
clock source: unix
detected number of CPU cores: 1
current working directory: /home/web_MTGD/MTGD_syn_01
writing pidfile to uwsgi.pid
detected binary path: /usr/local/bin/uwsgi
!!! no internal routing support, rebuild with pcre support !!!
uWSGI running as root, you can use --uid/--gid/--chroot options
*** WARNING: you are running uWSGI as root !!! (use the --uid flag) *** 
chdir() to /home/web_MTGD/MTGD_syn_01/
your processes number limit is 15850
your memory page size is 4096 bytes
detected max file descriptor number: 65535
lock engine: pthread robust mutexes
thunder lock: disabled (you can enable it with --thunder-lock)
bind(): Cannot assign requested address [core/socket.c line 769]
*** Starting uWSGI 2.0.15 (32bit) on [Wed Feb  7 10:52:52 2018] ***
compiled with version: 5.4.0 20160609 on 07 February 2018 08:14:46
os: Linux-4.4.0-85-generic #108-Ubuntu SMP Mon Jul 3 17:24:35 UTC 2017
nodename: BingoM
machine: i686
clock source: unix
detected number of CPU cores: 1
current working directory: /home/web_MTGD/MTGD_syn_01
writing pidfile to uwsgi.pid
detected binary path: /usr/local/bin/uwsgi
!!! no internal routing support, rebuild with pcre support !!!
uWSGI running as root, you can use --uid/--gid/--chroot options
*** WARNING: you are running uWSGI as root !!! (use the --uid flag) *** 
chdir() to /home/web_MTGD/MTGD_syn_01/
your processes number limit is 15850
your memory page size is 4096 bytes
detected max file descriptor number: 65535
lock engine: pthread robust mutexes
thunder lock: disabled (you can enable it with --thunder-lock)
bind(): Cannot assign requested address [core/socket.c line 769]
*** Starting uWSGI 2.0.15 (32bit) on [Wed Feb  7 11:34:58 2018] ***
compiled with version: 5.4.0 20160609 on 07 February 2018 08:14:46
os: Linux-4.4.0-85-generic #108-Ubuntu SMP Mon Jul 3 17:24:35 UTC 2017
nodename: BingoM
machine: i686
clock source: unix
detected number of CPU cores: 1
current working directory: /home/web_MTGD/MTGD_syn_01
writing pidfile to uwsgi.pid
detected binary path: /usr/local/bin/uwsgi
!!! no internal routing support, rebuild with pcre support !!!
uWSGI running as root, you can use --uid/--gid/--chroot options
*** WARNING: you are running uWSGI as root !!! (use the --uid flag) *** 
chdir() to /home/web_MTGD/MTGD_syn_01/
your processes number limit is 15850
your memory page size is 4096 bytes
detected max file descriptor number: 65535
lock engine: pthread robust mutexes
thunder lock: disabled (you can enable it with --thunder-lock)
probably another instance of uWSGI is running on the same address (172.19.6.53:8000).
bind(): Address already in use [core/socket.c line 769]
